Arguments: 
  C:\Program Files\nodejs\node.exe C:\Users\HP\AppData\Roaming\npm\node_modules\yarn\bin\yarn.js add react-elastic-carouse

PATH: 
  C:\Users\HP\bin;C:\Program Files\Git\mingw64\bin;C:\Program Files\Git\usr\local\bin;C:\Program Files\Git\usr\bin;C:\Program Files\Git\usr\bin;C:\Program Files\Git\mingw64\bin;C:\Program Files\Git\usr\bin;C:\Users\HP\bin;C:\Python310\Scripts;C:\Python310;C:\WINDOWS\system32;C:\WINDOWS;C:\WINDOWS\System32\Wbem;C:\WINDOWS\System32\WindowsPowerShell\v1.0;C:\WINDOWS\System32\OpenSSH;C:\ProgramData\chocolatey\bin;C:\Program Files\OpenJDK\openjdk-11.0.13_8\bin;C:\Users\HP\AppData\Local\Android\Sdk\platform-tools;C:\Program Files\Git\cmd;C:\Program Files\nodejs;C:\Users\HP\AppData\Local\Microsoft\WindowsApps;C:\Users\HP\AppData\Local\Android\Sdk\platform-tools;C:\Users\HP\AppData\Local\Programs\Microsoft VS Code\bin;C:\Users\HP\AppData\Roaming\npm;C:\Program Files\Git\usr\bin\vendor_perl;C:\Program Files\Git\usr\bin\core_perl

Yarn version: 
  1.22.18

Node version: 
  16.13.2

Platform: 
  win32 x64

Trace: 
  Error: https://registry.yarnpkg.com/react-elastic-carouse: Not found
      at Request.params.callback [as _callback] (C:\Users\HP\AppData\Roaming\npm\node_modules\yarn\lib\cli.js:66138:18)
      at Request.self.callback (C:\Users\HP\AppData\Roaming\npm\node_modules\yarn\lib\cli.js:140883:22)
      at Request.emit (node:events:390:28)
      at Request.<anonymous> (C:\Users\HP\AppData\Roaming\npm\node_modules\yarn\lib\cli.js:141855:10)
      at Request.emit (node:events:390:28)
      at IncomingMessage.<anonymous> (C:\Users\HP\AppData\Roaming\npm\node_modules\yarn\lib\cli.js:141777:12)
      at Object.onceWrapper (node:events:509:28)
      at IncomingMessage.emit (node:events:402:35)
      at endReadableNT (node:internal/streams/readable:1343:12)
      at processTicksAndRejections (node:internal/process/task_queues:83:21)

npm manifest: 
  {
  	"name": "real-estate",
  	"version": "0.1.0",
  	"private": true,
  	"dependencies": {
  		"@material-ui/core": "^4.12.4",
  		"@material-ui/icons": "^4.11.3",
  		"@testing-library/jest-dom": "^5.16.4",
  		"@testing-library/react": "^13.1.1",
  		"@testing-library/user-event": "^13.5.0",
  		"axios": "^0.27.2",
  		"bootstrap": "^5.1.3",
  		"font-awesome": "^4.7.0",
  		"jquery": "^3.6.0",
  		"popper.js": "^1.16.1",
  		"react": "^18.1.0",
  		"react-bootstrap": "^2.3.1",
  		"react-dom": "^18.1.0",
  		"react-hook-form": "^7.31.1",
  		"react-owl-carousel": "^2.3.3",
  		"react-redux": "^7.2.6",
  		"react-router-dom": "^6.3.0",
  		"react-scripts": "5.0.1",
  		"react-slick": "^0.29.0",
  		"redux": "^4.1.2",
  		"redux-thunk": "^2.4.0",
  		"web-vitals": "^2.1.4"
  	},
  	"scripts": {
  		"start": "react-scripts start",
  		"build": "react-scripts build",
  		"test": "react-scripts test",
  		"eject": "react-scripts eject"
  	},
  	"eslintConfig": {
  		"extends": [
  			"react-app",
  			"react-app/jest"
  		]
  	},
  	"browserslist": {
  		"production": [
  			">0.2%",
  			"not dead",
  			"not op_mini all"
  		],
  		"development": [
  			"last 1 chrome version",
  			"last 1 firefox version",
  			"last 1 safari version"
  		]
  	}
  }

yarn manifest: 
  No manifest

Lockfile: 
  No lockfile
